0001_0028_0022_0037_0037.jpg 1 28 22 37 37
0002_0014_0013_0066_0066.jpg 1 14 13 66 66
0003_0008_0015_0046_0046.jpg 1 8 15 46 46
0004_0007_0005_0062_0062.jpg 1 7 5 62 62
0005_0057_0016_0027_0027.jpg 1 57 16 27 27
0006_0018_0018_0043_0043.jpg 1 18 18 43 43
0007_0019_0042_0045_0045.jpg 1 19 42 45 45
0008_0014_0014_0063_0063.jpg 1 14 14 63 63
0009_0017_0011_0068_0068.jpg 1 17 11 68 68
0010_0020_0024_0069_0069.jpg 1 20 24 69 69
0011_0045_0027_0037_0037.jpg 1 45 27 37 37
0012_0012_0021_0065_0065.jpg 1 12 21 65 65
0013_0026_0004_0064_0064.jpg 1 26 4 64 64
0014_0024_0014_0034_0034.jpg 1 24 14 34 34
0015_0031_0042_0024_0024.jpg 1 31 42 24 24
0016_0049_0028_0026_0026.jpg 1 49 28 26 26
0017_0011_0019_0068_0068.jpg 1 11 19 68 68
0018_0034_0041_0045_0045.jpg 1 34 41 45 45
0019_0016_0004_0064_0064.jpg 1 16 4 64 64
0020_0030_0032_0063_0063.jpg 1 30 32 63 63
0021_0011_0014_0064_0064.jpg 1 11 14 64 64
0022_0034_0021_0030_0030.jpg 1 34 21 30 30
0023_0028_0047_0026_0026.jpg 1 28 47 26 26
0024_0056_0046_0024_0024.jpg 1 56 46 24 24
0025_0035_0005_0043_0043.jpg 1 35 5 43 43
0026_0014_0048_0035_0035.jpg 1 14 48 35 35
0027_0033_0017_0057_0057.jpg 1 33 17 57 57
0028_0045_0007_0040_0040.jpg 1 45 7 40 40
0029_0008_0010_0039_0039.jpg 1 8 10 39 39
0030_0039_0040_0035_0035.jpg 1 39 40 35 35
0031_0008_0018_0054_0054.jpg 1 8 18 54 54
0032_0024_0022_0069_0069.jpg 1 24 22 69 69
0033_0015_0022_0061_0061.jpg 1 15 22 61 61
0034_0024_0034_0061_0061.jpg 1 24 34 61 61
0035_0044_0022_0049_0049.jpg 1 44 22 49 49
0036_0021_0032_0054_0054.jpg 1 21 32 54 54
0037_0018_0055_0026_0026.jpg 1 18 55 26 26
0038_0025_0010_0069_0069.jpg 1 25 10 69 69
0039_0008_0035_0055_0055.jpg 1 8 35 55 55
0040_0005_0043_0051_0051.jpg 1 5 43 51 51
0041_0008_0058_0028_0028.jpg 1 8 58 28 28
0042_0010_0018_0059_0059.jpg 1 10 18 59 59
0043_0017_0016_0043_0043.jpg 1 17 16 43 43
0044_0006_0008_0066_0066.jpg 1 6 8 66 66
0045_0040_0046_0029_0029.jpg 1 40 46 29 29
0046_0044_0032_0046_0046.jpg 1 44 32 46 46
0047_0053_0045_0036_0036.jpg 1 53 45 36 36
0048_0053_0027_0038_0038.jpg 1 53 27 38 38
0049_0041_0055_0034_0034.jpg 1 41 55 34 34
0050_0045_0049_0024_0024.jpg 1 45 49 24 24
0051_0054_0013_0027_0027.jpg 1 54 13 27 27
0052_0017_0020_0063_0063.jpg 1 17 20 63 63
0053_0032_0041_0037_0037.jpg 1 32 41 37 37
0054_0034_0017_0054_0054.jpg 1 34 17 54 54
0055_0025_0016_0069_0069.jpg 1 25 16 69 69
0056_0046_0061_0031_0031.jpg 1 46 61 31 31
0057_0027_0011_0048_0048.jpg 1 27 11 48 48
0058_0008_0005_0048_0048.jpg 1 8 5 48 48
0059_0024_0031_0057_0057.jpg 1 24 31 57 57
0060_0010_0022_0030_0030.jpg 1 10 22 30 30
0061_0013_0006_0059_0059.jpg 1 13 6 59 59
0062_0042_0044_0045_0045.jpg 1 42 44 45 45
0063_0009_0008_0062_0062.jpg 1 9 8 62 62
0064_0021_0006_0069_0069.jpg 1 21 6 69 69
0065_0035_0023_0054_0054.jpg 1 35 23 54 54
0066_0050_0012_0037_0037.jpg 1 50 12 37 37
0067_0036_0033_0045_0045.jpg 1 36 33 45 45
0068_0025_0024_0057_0057.jpg 1 25 24 57 57
0069_0042_0044_0034_0034.jpg 1 42 44 34 34
0070_0026_0014_0043_0043.jpg 1 26 14 43 43
0071_0028_0008_0051_0051.jpg 1 28 8 51 51
0072_0023_0020_0054_0054.jpg 1 23 20 54 54
0073_0034_0032_0042_0042.jpg 1 34 32 42 42
0074_0012_0018_0029_0029.jpg 1 12 18 29 29
0075_0004_0017_0057_0057.jpg 1 4 17 57 57
0076_0033_0024_0063_0063.jpg 1 33 24 63 63
0077_0032_0031_0062_0062.jpg 1 32 31 62 62
0078_0028_0008_0038_0038.jpg 1 28 8 38 38
0079_0007_0024_0046_0046.jpg 1 7 24 46 46
0080_0003_0025_0065_0065.jpg 1 3 25 65 65
0081_0016_0019_0057_0057.jpg 1 16 19 57 57
0082_0013_0017_0050_0050.jpg 1 13 17 50 50
0083_0023_0013_0065_0065.jpg 1 23 13 65 65
0084_0017_0015_0068_0068.jpg 1 17 15 68 68
0085_0041_0018_0052_0052.jpg 1 41 18 52 52
0086_0042_0060_0024_0024.jpg 1 42 60 24 24
0087_0028_0018_0038_0038.jpg 1 28 18 38 38
0088_0005_0016_0051_0051.jpg 1 5 16 51 51
0089_0030_0032_0060_0060.jpg 1 30 32 60 60
0090_0035_0031_0060_0060.jpg 1 35 31 60 60
0091_0023_0014_0064_0064.jpg 1 23 14 64 64
0092_0031_0018_0053_0053.jpg 1 31 18 53 53
0093_0018_0036_0030_0030.jpg 1 18 36 30 30
0094_0027_0004_0060_0060.jpg 1 27 4 60 60
0095_0017_0017_0043_0043.jpg 1 17 17 43 43
0096_0012_0023_0065_0065.jpg 1 12 23 65 65
0097_0011_0020_0058_0058.jpg 1 11 20 58 58
0098_0050_0036_0030_0030.jpg 1 50 36 30 30
0099_0012_0005_0058_0058.jpg 1 12 5 58 58
0100_0034_0032_0052_0052.jpg 1 34 32 52 52
0101_0018_0010_0043_0043.jpg 1 18 10 43 43
0102_0037_0006_0048_0048.jpg 1 37 6 48 48
0103_0034_0026_0032_0032.jpg 1 34 26 32 32
0104_0011_0041_0026_0026.jpg 1 11 41 26 26
0105_0009_0026_0060_0060.jpg 1 9 26 60 60
0106_0011_0040_0052_0052.jpg 1 11 40 52 52
0107_0013_0054_0025_0025.jpg 1 13 54 25 25
0108_0043_0028_0038_0038.jpg 1 43 28 38 38
0109_0032_0013_0032_0032.jpg 1 32 13 32 32
0110_0013_0026_0066_0066.jpg 1 13 26 66 66
0111_0006_0041_0034_0034.jpg 1 6 41 34 34
0112_0012_0023_0037_0037.jpg 1 12 23 37 37
0113_0045_0031_0046_0046.jpg 1 45 31 46 46
0114_0008_0024_0068_0068.jpg 1 8 24 68 68
0115_0032_0016_0055_0055.jpg 1 32 16 55 55
0116_0024_0029_0066_0066.jpg 1 24 29 66 66
0117_0052_0053_0031_0031.jpg 1 52 53 31 31
0118_0011_0033_0048_0048.jpg 1 11 33 48 48
0119_0053_0056_0029_0029.jpg 1 53 56 29 29
0120_0010_0009_0056_0056.jpg 1 10 9 56 56
0121_0007_0022_0067_0067.jpg 1 7 22 67 67
0122_0016_0022_0068_0068.jpg 1 16 22 68 68
0123_0004_0013_0069_0069.jpg 1 4 13 69 69
0124_0048_0038_0027_0027.jpg 1 48 38 27 27
0125_0042_0040_0048_0048.jpg 1 42 40 48 48
0126_0046_0058_0027_0027.jpg 1 46 58 27 27
0127_0025_0036_0024_0024.jpg 1 25 36 24 24
0128_0019_0027_0064_0064.jpg 1 19 27 64 64
0129_0012_0042_0035_0035.jpg 1 12 42 35 35
0130_0018_0020_0056_0056.jpg 1 18 20 56 56
0131_0047_0011_0045_0045.jpg 1 47 11 45 45
0132_0033_0039_0052_0052.jpg 1 33 39 52 52
0133_0028_0041_0048_0048.jpg 1 28 41 48 48
0134_0013_0031_0039_0039.jpg 1 13 31 39 39
0135_0060_0036_0024_0024.jpg 1 60 36 24 24
0136_0010_0023_0061_0061.jpg 1 10 23 61 61
0137_0032_0027_0060_0060.jpg 1 32 27 60 60
0138_0019_0017_0040_0040.jpg 1 19 17 40 40
0139_0003_0024_0068_0068.jpg 1 3 24 68 68
0140_0027_0026_0062_0062.jpg 1 27 26 62 62
0141_0039_0028_0025_0025.jpg 1 39 28 25 25
0142_0034_0029_0048_0048.jpg 1 34 29 48 48
0143_0023_0028_0059_0059.jpg 1 23 28 59 59
0144_0014_0009_0066_0066.jpg 1 14 9 66 66
0145_0054_0032_0031_0031.jpg 1 54 32 31 31
0146_0008_0061_0024_0024.jpg 1 8 61 24 24
0147_0027_0013_0057_0057.jpg 1 27 13 57 57
0148_0008_0053_0039_0039.jpg 1 8 53 39 39
0149_0016_0012_0055_0055.jpg 1 16 12 55 55
0150_0032_0009_0038_0038.jpg 1 32 9 38 38
0151_0014_0047_0041_0041.jpg 1 14 47 41 41
0152_0030_0009_0045_0045.jpg 1 30 9 45 45
0153_0027_0053_0026_0026.jpg 1 27 53 26 26
0154_0037_0049_0045_0045.jpg 1 37 49 45 45
0155_0025_0003_0063_0063.jpg 1 25 3 63 63
0156_0005_0032_0049_0049.jpg 1 5 32 49 49
0157_0011_0033_0050_0050.jpg 1 11 33 50 50
0158_0013_0054_0032_0032.jpg 1 13 54 32 32
0159_0031_0010_0061_0061.jpg 1 31 10 61 61
0160_0026_0012_0069_0069.jpg 1 26 12 69 69
0161_0022_0025_0068_0068.jpg 1 22 25 68 68
0162_0027_0032_0058_0058.jpg 1 27 32 58 58
0163_0025_0021_0059_0059.jpg 1 25 21 59 59
0164_0007_0024_0063_0063.jpg 1 7 24 63 63
0165_0010_0018_0068_0068.jpg 1 10 18 68 68
0166_0044_0012_0041_0041.jpg 1 44 12 41 41
0167_0025_0026_0038_0038.jpg 1 25 26 38 38
0168_0031_0035_0053_0053.jpg 1 31 35 53 53
0169_0034_0042_0044_0044.jpg 1 34 42 44 44
0170_0022_0012_0041_0041.jpg 1 22 12 41 41
0171_0025_0039_0053_0053.jpg 1 25 39 53 53
0172_0064_0019_0027_0027.jpg 1 64 19 27 27
0173_0023_0018_0064_0064.jpg 1 23 18 64 64
0174_0035_0012_0033_0033.jpg 1 35 12 33 33
0175_0024_0012_0052_0052.jpg 1 24 12 52 52
0176_0035_0030_0035_0035.jpg 1 35 30 35 35
0177_0028_0020_0060_0060.jpg 1 28 20 60 60
0178_0023_0015_0029_0029.jpg 1 23 15 29 29
0179_0009_0010_0057_0057.jpg 1 9 10 57 57
0180_0053_0018_0033_0033.jpg 1 53 18 33 33
0181_0014_0036_0057_0057.jpg 1 14 36 57 57
0182_0008_0011_0035_0035.jpg 1 8 11 35 35
0183_0050_0030_0029_0029.jpg 1 50 30 29 29
0184_0024_0027_0053_0053.jpg 1 24 27 53 53
0185_0037_0008_0045_0045.jpg 1 37 8 45 45
0186_0028_0037_0047_0047.jpg 1 28 37 47 47
0187_0031_0040_0026_0026.jpg 1 31 40 26 26
0188_0029_0042_0037_0037.jpg 1 29 42 37 37
0189_0007_0021_0063_0063.jpg 1 7 21 63 63
0190_0022_0037_0039_0039.jpg 1 22 37 39 39
0191_0047_0035_0041_0041.jpg 1 47 35 41 41
0192_0017_0019_0030_0030.jpg 1 17 19 30 30
0193_0023_0041_0052_0052.jpg 1 23 41 52 52
0194_0030_0038_0040_0040.jpg 1 30 38 40 40
0195_0005_0007_0060_0060.jpg 1 5 7 60 60
0196_0008_0016_0066_0066.jpg 1 8 16 66 66
0197_0021_0013_0045_0045.jpg 1 21 13 45 45
0198_0009_0052_0035_0035.jpg 1 9 52 35 35
0199_0048_0012_0034_0034.jpg 1 48 12 34 34
0200_0021_0032_0057_0057.jpg 1 21 32 57 57
0201_0046_0047_0041_0041.jpg 1 46 47 41 41
0202_0007_0045_0047_0047.jpg 1 7 45 47 47
0203_0024_0027_0051_0051.jpg 1 24 27 51 51
0204_0022_0010_0067_0067.jpg 1 22 10 67 67
0205_0029_0032_0044_0044.jpg 1 29 32 44 44
0206_0033_0005_0057_0057.jpg 1 33 5 57 57
0207_0043_0041_0030_0030.jpg 1 43 41 30 30
0208_0015_0036_0052_0052.jpg 1 15 36 52 52
0209_0027_0013_0067_0067.jpg 1 27 13 67 67
0210_0022_0022_0059_0059.jpg 1 22 22 59 59
0211_0004_0017_0053_0053.jpg 1 4 17 53 53
0212_0031_0020_0030_0030.jpg 1 31 20 30 30
0213_0041_0023_0049_0049.jpg 1 41 23 49 49
0214_0019_0018_0063_0063.jpg 1 19 18 63 63
0215_0025_0008_0056_0056.jpg 1 25 8 56 56
0216_0023_0036_0037_0037.jpg 1 23 36 37 37
0217_0026_0022_0059_0059.jpg 1 26 22 59 59
0218_0050_0036_0033_0033.jpg 1 50 36 33 33
0219_0028_0012_0066_0066.jpg 1 28 12 66 66
0220_0030_0008_0024_0024.jpg 1 30 8 24 24
0221_0007_0052_0039_0039.jpg 1 7 52 39 39
0222_0040_0037_0032_0032.jpg 1 40 37 32 32
0223_0026_0009_0069_0069.jpg 1 26 9 69 69
0224_0036_0025_0058_0058.jpg 1 36 25 58 58
0225_0043_0028_0039_0039.jpg 1 43 28 39 39
0226_0043_0029_0032_0032.jpg 1 43 29 32 32
0227_0013_0023_0067_0067.jpg 1 13 23 67 67
0228_0022_0018_0058_0058.jpg 1 22 18 58 58
0229_0026_0050_0041_0041.jpg 1 26 50 41 41
0230_0027_0030_0039_0039.jpg 1 27 30 39 39
0231_0042_0008_0048_0048.jpg 1 42 8 48 48
0232_0035_0020_0042_0042.jpg 1 35 20 42 42
0233_0036_0024_0026_0026.jpg 1 36 24 26 26
0234_0023_0020_0045_0045.jpg 1 23 20 45 45
0235_0016_0020_0051_0051.jpg 1 16 20 51 51
0236_0013_0043_0047_0047.jpg 1 13 43 47 47
0237_0012_0028_0040_0040.jpg 1 12 28 40 40
0238_0033_0046_0048_0048.jpg 1 33 46 48 48
0239_0032_0025_0055_0055.jpg 1 32 25 55 55
0240_0032_0020_0059_0059.jpg 1 32 20 59 59
0241_0010_0033_0040_0040.jpg 1 10 33 40 40
0242_0025_0024_0041_0041.jpg 1 25 24 41 41
0243_0018_0018_0061_0061.jpg 1 18 18 61 61
0244_0047_0029_0043_0043.jpg 1 47 29 43 43
0245_0037_0043_0039_0039.jpg 1 37 43 39 39
0246_0054_0027_0039_0039.jpg 1 54 27 39 39
0247_0011_0052_0032_0032.jpg 1 11 52 32 32
0248_0021_0033_0049_0049.jpg 1 21 33 49 49
0249_0007_0018_0056_0056.jpg 1 7 18 56 56
0250_0007_0044_0046_0046.jpg 1 7 44 46 46
0251_0014_0012_0052_0052.jpg 1 14 12 52 52
0252_0059_0026_0030_0030.jpg 1 59 26 30 30
